-- The C compiler identification is GNU 9.4.0
-- The CXX compiler identification is GNU 9.4.0
-- Check for working C compiler: /usr/bin/cc
-- Check for working C compiler: /usr/bin/cc -- works
-- Detecting C compiler ABI info
-- Detecting C compiler ABI info - done
-- Detecting C compile features
-- Detecting C compile features - done
-- Check for working CXX compiler: /usr/bin/c++
-- Check for working CXX compiler: /usr/bin/c++ -- works
-- Detecting CXX compiler ABI info
-- Detecting CXX compiler ABI info - done
-- Detecting CXX compile features
-- Detecting CXX compile features - done
-- Using CATKIN_DEVEL_PREFIX: /home/gel/catkin/src/TC-Driver/build/tc_driver_ros/devel
-- Using CMAKE_PREFIX_PATH: /opt/ros/noetic
-- This workspace overlays: /opt/ros/noetic
-- Override CMake install command with custom implementation using symlinks instead of copying resources
-- Found PythonInterp: /home/gel/anaconda3/bin/python3 (found suitable version "3.12.7", minimum required is "3") 
-- Using PYTHON_EXECUTABLE: /home/gel/anaconda3/bin/python3
-- Using Debian Python package layout
-- Found PY_em: /home/gel/anaconda3/lib/python3.12/site-packages/em.py  
-- Using empy: /home/gel/anaconda3/lib/python3.12/site-packages/em.py
-- Using CATKIN_ENABLE_TESTING: ON
-- Call enable_testing()
-- Using CATKIN_TEST_RESULTS_DIR: /home/gel/catkin/src/TC-Driver/build/tc_driver_ros/test_results
-- Forcing gtest/gmock from source, though one was otherwise available.
-- Found gtest sources under '/usr/src/googletest': gtests will be built
-- Found gmock sources under '/usr/src/googletest': gmock will be built
-- Found PythonInterp: /home/gel/anaconda3/bin/python3 (found version "3.12.7") 
-- Found Threads: TRUE  
-- Using Python nosetests: /usr/bin/nosetests3
ImportError: "from catkin_pkg.package import parse_package" failed: No module named 'catkin_pkg'
Make sure that you have installed "catkin_pkg", it is up to date and on the PYTHONPATH.
CMake Error at /opt/ros/noetic/share/catkin/cmake/safe_execute_process.cmake:11 (message):
  execute_process(/home/gel/anaconda3/bin/python3
  "/opt/ros/noetic/share/catkin/cmake/parse_package_xml.py"
  "/opt/ros/noetic/share/catkin/cmake/../package.xml"
  "/home/gel/catkin/src/TC-Driver/build/tc_driver_ros/catkin/catkin_generated/version/package.cmake")
  returned error code 1
Call Stack (most recent call first):
  /opt/ros/noetic/share/catkin/cmake/catkin_package_xml.cmake:74 (safe_execute_process)
  /opt/ros/noetic/share/catkin/cmake/all.cmake:168 (_catkin_package_xml)
  /opt/ros/noetic/share/catkin/cmake/catkinConfig.cmake:20 (include)
  CMakeLists.txt:10 (find_package)


-- Configuring incomplete, errors occurred!
See also "/home/gel/catkin/src/TC-Driver/build/tc_driver_ros/CMakeFiles/CMakeOutput.log".
See also "/home/gel/catkin/src/TC-Driver/build/tc_driver_ros/CMakeFiles/CMakeError.log".
