[0.221s] Invoking command in '/home/gel/catkin/src/TC-Driver/build/f110_msgs': CONDA_PROMPT_MODIFIER=(base) /usr/bin/cmake /home/gel/catkin/src/TC-Driver/f110_msgs -DCMAKE_BUILD_TYPE=Debug -DCATKIN_INSTALL_INTO_PREFIX_ROOT=0 -DCATKIN_SYMLINK_INSTALL=ON -DCMAKE_INSTALL_PREFIX=/home/gel/catkin/src/TC-Driver/install/f110_msgs
[0.312s] -- The C compiler identification is GNU 9.4.0
[0.379s] -- The CXX compiler identification is GNU 9.4.0
[0.385s] -- Check for working C compiler: /usr/bin/cc
[0.449s] -- Check for working C compiler: /usr/bin/cc -- works
[0.450s] -- Detecting C compiler ABI info
[0.517s] -- Detecting C compiler ABI info - done
[0.528s] -- Detecting C compile features
[0.528s] -- Detecting C compile features - done
[0.531s] -- Check for working CXX compiler: /usr/bin/c++
[0.615s] -- Check for working CXX compiler: /usr/bin/c++ -- works
[0.617s] -- Detecting CXX compiler ABI info
[0.705s] -- Detecting CXX compiler ABI info - done
[0.716s] -- Detecting CXX compile features
[0.716s] -- Detecting CXX compile features - done
[0.719s] -- Using CATKIN_DEVEL_PREFIX: /home/gel/catkin/src/TC-Driver/build/f110_msgs/devel
[0.719s] -- Using CMAKE_PREFIX_PATH: /opt/ros/noetic
[0.719s] -- This workspace overlays: /opt/ros/noetic
[0.722s] -- Override CMake install command with custom implementation using symlinks instead of copying resources
[0.742s] -- Found PythonInterp: /home/gel/anaconda3/bin/python3 (found suitable version "3.12.7", minimum required is "3") 
[0.742s] -- Using PYTHON_EXECUTABLE: /home/gel/anaconda3/bin/python3
[0.742s] -- Using Debian Python package layout
[0.772s] -- Found PY_em: /home/gel/anaconda3/lib/python3.12/site-packages/em.py  
[0.772s] -- Using empy: /home/gel/anaconda3/lib/python3.12/site-packages/em.py
[0.889s] -- Using CATKIN_ENABLE_TESTING: ON
[0.889s] -- Call enable_testing()
[0.893s] -- Using CATKIN_TEST_RESULTS_DIR: /home/gel/catkin/src/TC-Driver/build/f110_msgs/test_results
[1.216s] -- Forcing gtest/gmock from source, though one was otherwise available.
[1.217s] -- Found gtest sources under '/usr/src/googletest': gtests will be built
[1.217s] -- Found gmock sources under '/usr/src/googletest': gmock will be built
[1.239s] -- Found PythonInterp: /home/gel/anaconda3/bin/python3 (found version "3.12.7") 
[1.240s] -- Found Threads: TRUE  
[1.245s] -- Using Python nosetests: /usr/bin/nosetests3
[1.273s] ImportError: "from catkin_pkg.package import parse_package" failed: No module named 'catkin_pkg'
[1.273s] Make sure that you have installed "catkin_pkg", it is up to date and on the PYTHONPATH.
[1.276s] CMake Error at /opt/ros/noetic/share/catkin/cmake/safe_execute_process.cmake:11 (message):
[1.276s]   execute_process(/home/gel/anaconda3/bin/python3
[1.276s]   "/opt/ros/noetic/share/catkin/cmake/parse_package_xml.py"
[1.276s]   "/opt/ros/noetic/share/catkin/cmake/../package.xml"
[1.276s]   "/home/gel/catkin/src/TC-Driver/build/f110_msgs/catkin/catkin_generated/version/package.cmake")
[1.276s]   returned error code 1
[1.276s] Call Stack (most recent call first):
[1.277s]   /opt/ros/noetic/share/catkin/cmake/catkin_package_xml.cmake:74 (safe_execute_process)
[1.277s]   /opt/ros/noetic/share/catkin/cmake/all.cmake:168 (_catkin_package_xml)
[1.277s]   /opt/ros/noetic/share/catkin/cmake/catkinConfig.cmake:20 (include)
[1.277s]   CMakeLists.txt:10 (find_package)
[1.277s] 
[1.277s] 
[1.278s] -- Configuring incomplete, errors occurred!
[1.278s] See also "/home/gel/catkin/src/TC-Driver/build/f110_msgs/CMakeFiles/CMakeOutput.log".
[1.278s] See also "/home/gel/catkin/src/TC-Driver/build/f110_msgs/CMakeFiles/CMakeError.log".
[1.287s] Invoked command in '/home/gel/catkin/src/TC-Driver/build/f110_msgs' returned '1': CONDA_PROMPT_MODIFIER=(base) /usr/bin/cmake /home/gel/catkin/src/TC-Driver/f110_msgs -DCMAKE_BUILD_TYPE=Debug -DCATKIN_INSTALL_INTO_PREFIX_ROOT=0 -DCATKIN_SYMLINK_INSTALL=ON -DCMAKE_INSTALL_PREFIX=/home/gel/catkin/src/TC-Driver/install/f110_msgs
