-- The C compiler identification is GNU 9.4.0
-- The CXX compiler identification is GNU 9.4.0
-- Check for working C compiler: /usr/bin/cc
-- Check for working C compiler: /usr/bin/cc -- works
-- Detecting C compiler ABI info
-- Detecting C compiler ABI info - done
-- Detecting C compile features
-- Detecting C compile features - done
-- Check for working CXX compiler: /usr/bin/c++
-- Check for working CXX compiler: /usr/bin/c++ -- works
-- Detecting CXX compiler ABI info
-- Detecting CXX compiler ABI info - done
-- Detecting CXX compile features
-- Detecting CXX compile features - done
-- Configuring done
-- Generating done
CMake Warning:
  Manually-specified variables were not used by the project:

    CATKIN_INSTALL_INTO_PREFIX_ROOT
    CATKIN_SYMLINK_INSTALL


-- Build files have been written to: /home/gel/catkin/src/TC-Driver/build/f1tenth_simulator
[35m[1mScanning dependencies of target f1tenth_simulator[0m
[ 33%] [32mBuilding CXX object CMakeFiles/f1tenth_simulator.dir/src/ks_kinematics.cpp.o[0m
[ 33%] [32mBuilding CXX object CMakeFiles/f1tenth_simulator.dir/src/distance_transform.cpp.o[0m
[ 50%] [32mBuilding CXX object CMakeFiles/f1tenth_simulator.dir/src/precompute.cpp.o[0m
[ 66%] [32mBuilding CXX object CMakeFiles/f1tenth_simulator.dir/src/scan_simulator_2d.cpp.o[0m
[ 83%] [32mBuilding CXX object CMakeFiles/f1tenth_simulator.dir/src/st_kinematics.cpp.o[0m
[100%] [32m[1mLinking CXX static library libf1tenth_simulator.a[0m
[100%] Built target f1tenth_simulator
-- Install configuration: "Debug"
-- Installing: /home/gel/catkin/src/TC-Driver/install/f1tenth_simulator/lib/libf1tenth_simulator.a
-- Installing: /home/gel/catkin/src/TC-Driver/install/f1tenth_simulator/include/f1tenth_simulator
-- Installing: /home/gel/catkin/src/TC-Driver/install/f1tenth_simulator/include/f1tenth_simulator/pose_2d.hpp
-- Installing: /home/gel/catkin/src/TC-Driver/install/f1tenth_simulator/include/f1tenth_simulator/ackermann_kinematics.hpp
-- Installing: /home/gel/catkin/src/TC-Driver/install/f1tenth_simulator/include/f1tenth_simulator/precompute.hpp
-- Installing: /home/gel/catkin/src/TC-Driver/install/f1tenth_simulator/include/f1tenth_simulator/st_kinematics.hpp
-- Installing: /home/gel/catkin/src/TC-Driver/install/f1tenth_simulator/include/f1tenth_simulator/car_params.hpp
-- Installing: /home/gel/catkin/src/TC-Driver/install/f1tenth_simulator/include/f1tenth_simulator/distance_transform.hpp
-- Installing: /home/gel/catkin/src/TC-Driver/install/f1tenth_simulator/include/f1tenth_simulator/ks_kinematics.hpp
-- Installing: /home/gel/catkin/src/TC-Driver/install/f1tenth_simulator/include/f1tenth_simulator/car_state.hpp
-- Installing: /home/gel/catkin/src/TC-Driver/install/f1tenth_simulator/include/f1tenth_simulator/scan_simulator_2d.hpp
-- Installing: /home/gel/catkin/src/TC-Driver/install/f1tenth_simulator/include/f1tenth_simulator/channel.h
