[0.224s] Invoking command in '/home/gel/catkin/src/TC-Driver/build/f1tenth_simulator': CONDA_PROMPT_MODIFIER=(base) /usr/bin/cmake /home/gel/catkin/src/TC-Driver/F110_ROS_Simulator -DCMAKE_BUILD_TYPE=Debug -DCATKIN_INSTALL_INTO_PREFIX_ROOT=0 -DCATKIN_SYMLINK_INSTALL=ON -DCMAKE_INSTALL_PREFIX=/home/gel/catkin/src/TC-Driver/install/f1tenth_simulator
[0.304s] -- The C compiler identification is GNU 9.4.0
[0.371s] -- The CXX compiler identification is GNU 9.4.0
[0.378s] -- Check for working C compiler: /usr/bin/cc
[0.445s] -- Check for working C compiler: /usr/bin/cc -- works
[0.446s] -- Detecting C compiler ABI info
[0.512s] -- Detecting C compiler ABI info - done
[0.522s] -- Detecting C compile features
[0.522s] -- Detecting C compile features - done
[0.525s] -- Check for working CXX compiler: /usr/bin/c++
[0.629s] -- Check for working CXX compiler: /usr/bin/c++ -- works
[0.629s] -- Detecting CXX compiler ABI info
[0.717s] -- Detecting CXX compiler ABI info - done
[0.729s] -- Detecting CXX compile features
[0.729s] -- Detecting CXX compile features - done
[0.737s] -- Configuring done
[0.740s] -- Generating done
[0.740s] CMake Warning:
[0.740s]   Manually-specified variables were not used by the project:
[0.740s] 
[0.740s]     CATKIN_INSTALL_INTO_PREFIX_ROOT
[0.740s]     CATKIN_SYMLINK_INSTALL
[0.740s] 
[0.740s] 
[0.741s] -- Build files have been written to: /home/gel/catkin/src/TC-Driver/build/f1tenth_simulator
[0.745s] Invoked command in '/home/gel/catkin/src/TC-Driver/build/f1tenth_simulator' returned '0': CONDA_PROMPT_MODIFIER=(base) /usr/bin/cmake /home/gel/catkin/src/TC-Driver/F110_ROS_Simulator -DCMAKE_BUILD_TYPE=Debug -DCATKIN_INSTALL_INTO_PREFIX_ROOT=0 -DCATKIN_SYMLINK_INSTALL=ON -DCMAKE_INSTALL_PREFIX=/home/gel/catkin/src/TC-Driver/install/f1tenth_simulator
[0.749s] Invoking command in '/home/gel/catkin/src/TC-Driver/build/f1tenth_simulator': CONDA_PROMPT_MODIFIER=(base) /usr/bin/cmake --build /home/gel/catkin/src/TC-Driver/build/f1tenth_simulator -- -j16 -l16
[0.788s] [35m[1mScanning dependencies of target f1tenth_simulator[0m
[0.802s] [ 33%] [32mBuilding CXX object CMakeFiles/f1tenth_simulator.dir/src/ks_kinematics.cpp.o[0m
[0.802s] [ 33%] [32mBuilding CXX object CMakeFiles/f1tenth_simulator.dir/src/distance_transform.cpp.o[0m
[0.802s] [ 50%] [32mBuilding CXX object CMakeFiles/f1tenth_simulator.dir/src/precompute.cpp.o[0m
[0.803s] [ 66%] [32mBuilding CXX object CMakeFiles/f1tenth_simulator.dir/src/scan_simulator_2d.cpp.o[0m
[0.803s] [ 83%] [32mBuilding CXX object CMakeFiles/f1tenth_simulator.dir/src/st_kinematics.cpp.o[0m
[1.147s] [100%] [32m[1mLinking CXX static library libf1tenth_simulator.a[0m
[1.181s] [100%] Built target f1tenth_simulator
[1.194s] Invoked command in '/home/gel/catkin/src/TC-Driver/build/f1tenth_simulator' returned '0': CONDA_PROMPT_MODIFIER=(base) /usr/bin/cmake --build /home/gel/catkin/src/TC-Driver/build/f1tenth_simulator -- -j16 -l16
[1.210s] Invoking command in '/home/gel/catkin/src/TC-Driver/build/f1tenth_simulator': CONDA_PROMPT_MODIFIER=(base) /usr/bin/cmake --install /home/gel/catkin/src/TC-Driver/build/f1tenth_simulator
[1.218s] -- Install configuration: "Debug"
[1.218s] -- Installing: /home/gel/catkin/src/TC-Driver/install/f1tenth_simulator/lib/libf1tenth_simulator.a
[1.219s] -- Installing: /home/gel/catkin/src/TC-Driver/install/f1tenth_simulator/include/f1tenth_simulator
[1.219s] -- Installing: /home/gel/catkin/src/TC-Driver/install/f1tenth_simulator/include/f1tenth_simulator/pose_2d.hpp
[1.219s] -- Installing: /home/gel/catkin/src/TC-Driver/install/f1tenth_simulator/include/f1tenth_simulator/ackermann_kinematics.hpp
[1.219s] -- Installing: /home/gel/catkin/src/TC-Driver/install/f1tenth_simulator/include/f1tenth_simulator/precompute.hpp
[1.220s] -- Installing: /home/gel/catkin/src/TC-Driver/install/f1tenth_simulator/include/f1tenth_simulator/st_kinematics.hpp
[1.220s] -- Installing: /home/gel/catkin/src/TC-Driver/install/f1tenth_simulator/include/f1tenth_simulator/car_params.hpp
[1.220s] -- Installing: /home/gel/catkin/src/TC-Driver/install/f1tenth_simulator/include/f1tenth_simulator/distance_transform.hpp
[1.220s] -- Installing: /home/gel/catkin/src/TC-Driver/install/f1tenth_simulator/include/f1tenth_simulator/ks_kinematics.hpp
[1.220s] -- Installing: /home/gel/catkin/src/TC-Driver/install/f1tenth_simulator/include/f1tenth_simulator/car_state.hpp
[1.220s] -- Installing: /home/gel/catkin/src/TC-Driver/install/f1tenth_simulator/include/f1tenth_simulator/scan_simulator_2d.hpp
[1.220s] -- Installing: /home/gel/catkin/src/TC-Driver/install/f1tenth_simulator/include/f1tenth_simulator/channel.h
[1.223s] Invoked command in '/home/gel/catkin/src/TC-Driver/build/f1tenth_simulator' returned '0': CONDA_PROMPT_MODIFIER=(base) /usr/bin/cmake --install /home/gel/catkin/src/TC-Driver/build/f1tenth_simulator
